2025-10-23T09:22:44.880Z POST /api/auth/login
2025-10-23T09:22:50.256Z GET /api/users
2025-10-23T09:24:03.804Z GET /login
2025-10-23T09:24:33.238Z POST /api/auth/register
2025-10-23T09:24:41.777Z POST /api/auth/login
2025-10-23T09:29:19.346Z POST /api/auth/login
2025-10-23T09:29:22.269Z GET /api/users
2025-10-23T10:01:30.910Z POST /api/auth/login
2025-10-23T10:01:38.770Z POST /api/auth/register
2025-10-23T10:02:07.422Z POST /api/auth/login
2025-10-23T10:02:13.767Z GET /api/auth/verify-email/354f7fb5ad8a3a6cec88563b1d656a04a3117514
2025-10-23T10:02:13.802Z GET /favicon.ico
2025-10-23T10:08:31.795Z POST /api/auth/register
2025-10-23T10:08:38.466Z POST /api/auth/login
2025-10-23T10:08:44.197Z GET /api/auth/verify-email/fe37aaaf9478bb8a215a18375cf018db3fcf71dd
2025-10-23T10:08:44.231Z GET /favicon.ico
2025-10-23T10:08:47.639Z POST /api/auth/login
2025-10-23T10:09:27.243Z POST /api/auth/login
2025-10-23T10:09:33.257Z POST /api/auth/forgot-password
2025-10-23T10:09:58.316Z GET /reset-password/b11b7a6f263906913705751029e11a7de61e7968
2025-10-23T10:28:31.812Z HEAD /reset-password/abc
2025-10-23T10:28:38.705Z HEAD /reset-password/abc
2025-10-23T10:39:31.533Z POST /api/auth/login
2025-10-23T10:39:38.667Z POST /api/auth/forgot-password
2025-10-23T10:39:49.046Z GET /reset-password/4a0724e76010ae5196027fc4807404fa236aae38
2025-10-23T10:39:52.435Z POST /api/auth/reset-password/4a0724e76010ae5196027fc4807404fa236aae38
2025-10-23T10:43:49.876Z POST /api/auth/register
2025-10-23T10:43:49.984Z POST /api/auth/register
2025-10-23T10:43:50.050Z POST /api/auth/register
2025-10-23T10:43:50.114Z POST /api/auth/register
2025-10-23T10:43:50.209Z POST /api/auth/login
2025-10-23T10:43:50.212Z POST /api/auth/register
2025-10-23T10:43:50.275Z POST /api/auth/login
2025-10-23T10:43:50.277Z POST /api/auth/login
2025-10-23T10:43:50.279Z POST /api/auth/register
2025-10-23T10:43:50.280Z POST /api/auth/register
2025-10-23T10:43:50.280Z POST /api/auth/register
2025-10-23T10:43:50.282Z POST /api/auth/login
2025-10-23T10:43:50.283Z POST /api/auth/login
2025-10-23T10:43:50.285Z POST /api/auth/register
2025-10-23T10:43:50.348Z POST /api/auth/forgot-password
2025-10-23T10:43:50.351Z POST /api/auth/forgot-password
2025-10-23T10:43:50.353Z POST /api/auth/register
2025-10-23T10:43:50.414Z POST /api/auth/forgot-password
2025-10-23T10:43:50.415Z POST /api/auth/reset-password/dca59c973e4995f83ed042306fa360eef5394ec5
2025-10-23T10:43:50.478Z POST /api/auth/login
2025-10-23T10:43:50.479Z POST /api/auth/reset-password/invalidtoken
2025-10-23T10:43:50.481Z POST /api/auth/register
2025-10-23T10:43:50.544Z POST /api/auth/reset-password/expiredtoken123
2025-10-23T10:43:50.546Z POST /api/auth/reset-password/sometoken
2025-10-23T10:43:52.102Z POST /api/auth/login
2025-10-23T10:43:52.229Z POST /api/auth/login
2025-10-23T10:43:52.231Z GET /api/users
2025-10-23T10:43:52.237Z POST /api/users
2025-10-23T10:43:52.301Z PUT /api/users/128
2025-10-23T10:43:52.364Z DELETE /api/users/131
2025-10-23T10:43:52.481Z GET /api/ping
2025-10-23T10:43:52.481Z /api/ping hit
2025-10-23T10:43:52.483Z POST /api/auth/register
2025-10-23T10:43:53.281Z POST /api/routes
2025-10-23T10:47:23.529Z POST /api/auth/register
2025-10-23T10:47:23.596Z POST /api/auth/register
2025-10-23T10:47:23.658Z POST /api/auth/register
2025-10-23T10:47:23.719Z POST /api/auth/register
2025-10-23T10:47:23.779Z POST /api/auth/login
2025-10-23T10:47:23.840Z POST /api/auth/register
2025-10-23T10:47:23.899Z POST /api/auth/login
2025-10-23T10:47:23.958Z POST /api/auth/login
2025-10-23T10:47:23.959Z POST /api/auth/register
2025-10-23T10:47:23.960Z POST /api/auth/register
2025-10-23T10:47:23.961Z POST /api/auth/register
2025-10-23T10:47:23.962Z POST /api/auth/login
2025-10-23T10:47:23.963Z POST /api/auth/login
2025-10-23T10:47:23.964Z POST /api/auth/register
2025-10-23T10:47:24.025Z POST /api/auth/forgot-password
2025-10-23T10:47:24.030Z POST /api/auth/forgot-password
2025-10-23T10:47:24.033Z POST /api/auth/register
2025-10-23T10:47:24.095Z POST /api/auth/forgot-password
2025-10-23T10:47:24.096Z POST /api/auth/reset-password/a6f9a3b169cf7494467b40f10a858cc22b001045
2025-10-23T10:47:24.157Z POST /api/auth/login
2025-10-23T10:47:24.215Z POST /api/auth/reset-password/invalidtoken
2025-10-23T10:47:24.217Z POST /api/auth/register
2025-10-23T10:47:24.282Z POST /api/auth/reset-password/expiredtoken123
2025-10-23T10:47:24.284Z POST /api/auth/reset-password/sometoken
2025-10-23T10:47:24.356Z GET /api/ping
2025-10-23T10:47:24.357Z /api/ping hit
2025-10-23T10:47:24.359Z POST /api/auth/register
2025-10-23T10:47:24.426Z POST /api/routes
2025-10-23T10:47:24.533Z POST /api/auth/login
2025-10-23T10:47:24.648Z POST /api/auth/login
2025-10-23T10:47:24.708Z GET /api/users
2025-10-23T10:47:24.710Z GET /api/users
2025-10-23T10:47:24.716Z POST /api/users
2025-10-23T10:47:24.777Z POST /api/users
2025-10-23T10:47:24.778Z PUT /api/users/142
2025-10-23T10:47:24.779Z PUT /api/users/143
2025-10-23T10:47:24.781Z PUT /api/users/142
2025-10-23T10:47:24.841Z DELETE /api/users/145
2025-10-23T10:47:24.902Z DELETE /api/users/146
2025-10-23T10:48:35.136Z POST /api/auth/register
2025-10-23T10:48:35.210Z POST /api/auth/register
2025-10-23T10:48:35.270Z POST /api/auth/register
2025-10-23T10:48:35.330Z POST /api/auth/register
2025-10-23T10:48:35.391Z POST /api/auth/login
2025-10-23T10:48:35.455Z POST /api/auth/register
2025-10-23T10:48:35.515Z POST /api/auth/login
2025-10-23T10:48:35.575Z POST /api/auth/login
2025-10-23T10:48:35.577Z POST /api/auth/register
2025-10-23T10:48:35.578Z POST /api/auth/register
2025-10-23T10:48:35.578Z POST /api/auth/register
2025-10-23T10:48:35.580Z POST /api/auth/login
2025-10-23T10:48:35.581Z POST /api/auth/login
2025-10-23T10:48:35.582Z POST /api/auth/register
2025-10-23T10:48:35.644Z POST /api/auth/forgot-password
2025-10-23T10:48:35.652Z POST /api/auth/forgot-password
2025-10-23T10:48:35.653Z POST /api/auth/register
2025-10-23T10:48:35.716Z POST /api/auth/forgot-password
2025-10-23T10:48:35.717Z POST /api/auth/reset-password/b4fc3b3d845963622ba1352246f2d7f13cddf818
2025-10-23T10:48:35.779Z POST /api/auth/login
2025-10-23T10:48:35.844Z POST /api/auth/reset-password/invalidtoken
2025-10-23T10:48:35.846Z POST /api/auth/register
2025-10-23T10:48:35.912Z POST /api/auth/reset-password/expiredtoken123
2025-10-23T10:48:35.914Z POST /api/auth/reset-password/sometoken
2025-10-23T10:48:36.061Z POST /api/auth/login
2025-10-23T10:48:36.186Z POST /api/auth/login
2025-10-23T10:48:36.248Z GET /api/users
2025-10-23T10:48:36.251Z GET /api/users
2025-10-23T10:48:36.252Z POST /api/users
2025-10-23T10:48:36.312Z POST /api/users
2025-10-23T10:48:36.314Z PUT /api/users/154
2025-10-23T10:48:36.316Z PUT /api/users/155
2025-10-23T10:48:36.317Z PUT /api/users/154
2025-10-23T10:48:36.380Z DELETE /api/users/157
2025-10-23T10:48:36.443Z DELETE /api/users/158
2025-10-23T10:48:36.493Z GET /api/ping
2025-10-23T10:48:36.493Z /api/ping hit
2025-10-23T10:48:36.496Z POST /api/auth/register
2025-10-23T10:48:36.567Z POST /api/routes
2025-10-23T10:58:08.377Z POST /api/auth/login
2025-10-23T10:58:08.502Z POST /api/auth/login
2025-10-23T10:58:08.561Z GET /api/users
2025-10-23T10:58:08.563Z GET /api/users
2025-10-23T10:58:08.565Z POST /api/users
2025-10-23T10:58:08.626Z POST /api/users
2025-10-23T10:58:08.628Z PUT /api/users/160
2025-10-23T10:58:08.629Z PUT /api/users/161
2025-10-23T10:58:08.631Z PUT /api/users/160
2025-10-23T10:58:08.690Z DELETE /api/users/163
2025-10-23T10:58:08.752Z DELETE /api/users/164
2025-10-23T10:58:08.865Z POST /api/auth/register
2025-10-23T10:58:08.930Z POST /api/auth/register
2025-10-23T10:58:08.989Z POST /api/auth/register
2025-10-23T10:58:09.052Z POST /api/auth/register
2025-10-23T10:58:09.117Z POST /api/auth/login
2025-10-23T10:58:09.175Z POST /api/auth/register
2025-10-23T10:58:09.234Z POST /api/auth/login
2025-10-23T10:58:09.292Z POST /api/auth/login
2025-10-23T10:58:09.293Z POST /api/auth/register
2025-10-23T10:58:09.294Z POST /api/auth/register
2025-10-23T10:58:09.295Z POST /api/auth/register
2025-10-23T10:58:09.296Z POST /api/auth/login
2025-10-23T10:58:09.297Z POST /api/auth/login
2025-10-23T10:58:09.298Z POST /api/auth/register
2025-10-23T10:58:09.357Z POST /api/auth/forgot-password
2025-10-23T10:58:09.363Z POST /api/auth/forgot-password
2025-10-23T10:58:09.365Z POST /api/auth/register
2025-10-23T10:58:09.453Z POST /api/auth/forgot-password
2025-10-23T10:58:09.458Z POST /api/auth/reset-password/a4371f37d639b5c9e8b6bbab119db91cdd52c22d
2025-10-23T10:58:09.575Z POST /api/auth/login
2025-10-23T10:58:09.650Z POST /api/auth/reset-password/invalidtoken
2025-10-23T10:58:09.651Z POST /api/auth/register
2025-10-23T10:58:09.711Z POST /api/auth/reset-password/expiredtoken123
2025-10-23T10:58:09.712Z POST /api/auth/reset-password/sometoken
2025-10-23T10:58:09.773Z GET /api/ping
2025-10-23T10:58:09.774Z /api/ping hit
2025-10-23T10:58:09.777Z POST /api/auth/register
2025-10-23T10:58:09.850Z POST /api/routes
2025-10-23T10:59:11.743Z POST /api/auth/register
2025-10-23T10:59:11.811Z POST /api/auth/register
2025-10-23T10:59:11.871Z POST /api/auth/register
2025-10-23T10:59:11.932Z POST /api/auth/register
2025-10-23T10:59:11.994Z POST /api/auth/login
2025-10-23T10:59:12.055Z POST /api/auth/register
2025-10-23T10:59:12.118Z POST /api/auth/login
2025-10-23T10:59:12.176Z POST /api/auth/login
2025-10-23T10:59:12.178Z POST /api/auth/register
2025-10-23T10:59:12.179Z POST /api/auth/register
2025-10-23T10:59:12.180Z POST /api/auth/register
2025-10-23T10:59:12.182Z POST /api/auth/login
2025-10-23T10:59:12.182Z POST /api/auth/login
2025-10-23T10:59:12.184Z POST /api/auth/register
2025-10-23T10:59:12.245Z POST /api/auth/forgot-password
2025-10-23T10:59:12.247Z POST /api/auth/forgot-password
2025-10-23T10:59:12.248Z POST /api/auth/register
2025-10-23T10:59:12.307Z POST /api/auth/forgot-password
2025-10-23T10:59:12.308Z POST /api/auth/reset-password/746f213a1b8232636a7f5e9c53d61f87f6f24571
2025-10-23T10:59:12.370Z POST /api/auth/login
2025-10-23T10:59:12.434Z POST /api/auth/reset-password/invalidtoken
2025-10-23T10:59:12.436Z POST /api/auth/register
2025-10-23T10:59:12.496Z POST /api/auth/reset-password/expiredtoken123
2025-10-23T10:59:12.498Z POST /api/auth/reset-password/sometoken
2025-10-23T10:59:12.622Z POST /api/auth/login
2025-10-23T10:59:12.742Z POST /api/auth/login
2025-10-23T10:59:12.802Z GET /api/users
2025-10-23T10:59:12.805Z GET /api/users
2025-10-23T10:59:12.904Z POST /api/users
2025-10-23T10:59:12.905Z PUT /api/users/180
2025-10-23T10:59:12.907Z PUT /api/users/181
2025-10-23T10:59:12.908Z PUT /api/users/180
2025-10-23T10:59:12.971Z DELETE /api/users/182
2025-10-23T10:59:13.031Z DELETE /api/users/183
2025-10-23T10:59:13.282Z GET /api/ping
2025-10-23T10:59:13.282Z /api/ping hit
2025-10-23T10:59:13.284Z POST /api/auth/register
2025-10-23T10:59:13.351Z POST /api/routes
2025-10-23T11:01:11.108Z POST /api/auth/login
2025-10-23T11:01:11.228Z POST /api/auth/login
2025-10-23T11:01:11.287Z GET /api/users
2025-10-23T11:01:11.290Z GET /api/users
2025-10-23T11:01:11.292Z POST /api/users
2025-10-23T11:01:11.352Z POST /api/users
2025-10-23T11:01:11.354Z PUT /api/users/185
2025-10-23T11:01:11.355Z PUT /api/users/186
2025-10-23T11:01:11.357Z PUT /api/users/185
2025-10-23T11:01:11.417Z DELETE /api/users/188
2025-10-23T11:01:11.479Z DELETE /api/users/189
2025-10-23T11:01:11.547Z POST /api/auth/register
2025-10-23T11:01:11.611Z POST /api/auth/register
2025-10-23T11:01:11.672Z POST /api/auth/register
2025-10-23T11:01:11.738Z POST /api/auth/register
2025-10-23T11:01:11.803Z POST /api/auth/login
2025-10-23T11:01:11.860Z POST /api/auth/register
2025-10-23T11:01:11.920Z POST /api/auth/login
2025-10-23T11:01:11.978Z POST /api/auth/login
2025-10-23T11:01:11.979Z POST /api/auth/register
2025-10-23T11:01:11.980Z POST /api/auth/register
2025-10-23T11:01:11.981Z POST /api/auth/register
2025-10-23T11:01:11.982Z POST /api/auth/login
2025-10-23T11:01:11.983Z POST /api/auth/login
2025-10-23T11:01:11.984Z POST /api/auth/register
2025-10-23T11:01:12.043Z POST /api/auth/forgot-password
2025-10-23T11:01:12.045Z POST /api/auth/forgot-password
2025-10-23T11:01:12.047Z POST /api/auth/register
2025-10-23T11:01:12.108Z POST /api/auth/forgot-password
2025-10-23T11:01:12.109Z POST /api/auth/reset-password/9a02b2627b3440a62afb51170487fda90b23199d
2025-10-23T11:01:12.169Z POST /api/auth/login
2025-10-23T11:01:12.227Z POST /api/auth/reset-password/invalidtoken
2025-10-23T11:01:12.229Z POST /api/auth/register
2025-10-23T11:01:12.288Z POST /api/auth/reset-password/expiredtoken123
2025-10-23T11:01:12.289Z POST /api/auth/reset-password/sometoken
2025-10-23T11:01:12.547Z GET /api/ping
2025-10-23T11:01:12.547Z /api/ping hit
2025-10-23T11:01:12.550Z POST /api/auth/register
2025-10-23T11:01:12.617Z POST /api/routes
2025-10-23T11:01:34.661Z POST /api/auth/login
2025-10-23T11:01:36.559Z POST /api/auth/login
2025-10-23T11:01:41.454Z POST /api/auth/register
2025-10-23T11:01:53.454Z GET /api/auth/verify-email/2730d4715f11d0c69b2bd7eb95d9e727d83ca3cf
2025-10-23T11:01:53.595Z GET /favicon.ico
2025-10-23T11:01:58.780Z POST /api/auth/login
2025-10-23T11:02:06.052Z POST /api/auth/forgot-password
2025-10-23T11:02:12.467Z GET /reset-password/ce9105e12cec930cc0bd933d479c3e0404b19399
2025-10-23T11:02:15.747Z POST /api/auth/reset-password/ce9105e12cec930cc0bd933d479c3e0404b19399
2025-10-23T11:06:04.916Z POST /api/auth/register
2025-10-23T11:06:04.983Z POST /api/auth/request-delete
2025-10-23T11:06:04.985Z POST /api/auth/confirm-delete/318a6e0584700ab9a0e542d248f187c7a4a49cb8
2025-10-23T11:06:05.043Z POST /api/auth/confirm-delete/318a6e0584700ab9a0e542d248f187c7a4a49cb8
2025-10-23T11:06:05.225Z POST /api/auth/login
2025-10-23T11:06:05.346Z POST /api/auth/login
2025-10-23T11:06:05.406Z GET /api/users
2025-10-23T11:06:05.408Z GET /api/users
2025-10-23T11:06:05.410Z POST /api/users
2025-10-23T11:06:05.472Z POST /api/users
2025-10-23T11:06:05.473Z PUT /api/users/200
2025-10-23T11:06:05.475Z PUT /api/users/201
2025-10-23T11:06:05.476Z PUT /api/users/200
2025-10-23T11:06:05.541Z DELETE /api/users/203
2025-10-23T11:06:05.606Z DELETE /api/users/204
2025-10-23T11:06:05.660Z POST /api/auth/register
2025-10-23T11:06:05.723Z POST /api/auth/register
2025-10-23T11:06:05.782Z POST /api/auth/register
2025-10-23T11:06:05.841Z POST /api/auth/register
2025-10-23T11:06:05.901Z POST /api/auth/login
2025-10-23T11:06:05.958Z POST /api/auth/register
2025-10-23T11:06:06.017Z POST /api/auth/login
2025-10-23T11:06:06.082Z POST /api/auth/login
2025-10-23T11:06:06.084Z POST /api/auth/register
2025-10-23T11:06:06.085Z POST /api/auth/register
2025-10-23T11:06:06.085Z POST /api/auth/register
2025-10-23T11:06:06.087Z POST /api/auth/login
2025-10-23T11:06:06.088Z POST /api/auth/login
2025-10-23T11:06:06.090Z POST /api/auth/register
2025-10-23T11:06:06.155Z POST /api/auth/forgot-password
2025-10-23T11:06:06.157Z POST /api/auth/forgot-password
2025-10-23T11:06:06.159Z POST /api/auth/register
2025-10-23T11:06:06.220Z POST /api/auth/forgot-password
2025-10-23T11:06:06.221Z POST /api/auth/reset-password/3e4e36db7a828123ddb3aacff514d2c09fe1a169
2025-10-23T11:06:06.282Z POST /api/auth/login
2025-10-23T11:06:06.341Z POST /api/auth/reset-password/invalidtoken
2025-10-23T11:06:06.342Z POST /api/auth/register
2025-10-23T11:06:06.401Z POST /api/auth/reset-password/expiredtoken123
2025-10-23T11:06:06.403Z POST /api/auth/reset-password/sometoken
2025-10-23T11:06:06.659Z GET /api/ping
2025-10-23T11:06:06.659Z /api/ping hit
2025-10-23T11:06:06.661Z POST /api/auth/register
2025-10-23T11:06:06.730Z POST /api/routes
2025-10-23T11:06:19.529Z POST /api/auth/login
2025-10-23T11:06:22.895Z POST /api/auth/register
2025-10-23T11:06:22.964Z POST /api/auth/register
2025-10-23T11:06:23.025Z POST /api/auth/register
2025-10-23T11:06:23.085Z POST /api/auth/register
2025-10-23T11:06:23.145Z POST /api/auth/login
2025-10-23T11:06:23.204Z POST /api/auth/register
2025-10-23T11:06:23.263Z POST /api/auth/login
2025-10-23T11:06:23.322Z POST /api/auth/login
2025-10-23T11:06:23.323Z POST /api/auth/register
2025-10-23T11:06:23.325Z POST /api/auth/register
2025-10-23T11:06:23.325Z POST /api/auth/register
2025-10-23T11:06:23.327Z POST /api/auth/login
2025-10-23T11:06:23.328Z POST /api/auth/login
2025-10-23T11:06:23.329Z POST /api/auth/register
2025-10-23T11:06:23.389Z POST /api/auth/forgot-password
2025-10-23T11:06:23.391Z POST /api/auth/forgot-password
2025-10-23T11:06:23.393Z POST /api/auth/register
2025-10-23T11:06:23.454Z POST /api/auth/forgot-password
2025-10-23T11:06:23.456Z POST /api/auth/reset-password/8a8cd909f35bba34eb4fe228927cb079c2ef532d
2025-10-23T11:06:23.518Z POST /api/auth/login
2025-10-23T11:06:23.576Z POST /api/auth/reset-password/invalidtoken
2025-10-23T11:06:23.577Z POST /api/auth/register
2025-10-23T11:06:23.637Z POST /api/auth/reset-password/expiredtoken123
2025-10-23T11:06:23.638Z POST /api/auth/reset-password/sometoken
2025-10-23T11:06:23.702Z POST /api/auth/register
2025-10-23T11:06:23.764Z POST /api/auth/request-delete
2025-10-23T11:06:23.765Z POST /api/auth/confirm-delete/28e4fc8b95898762306208aca98be773ee62badd
2025-10-23T11:06:23.823Z POST /api/auth/confirm-delete/28e4fc8b95898762306208aca98be773ee62badd
2025-10-23T11:06:23.992Z POST /api/auth/login
2025-10-23T11:06:24.109Z POST /api/auth/login
2025-10-23T11:06:24.167Z GET /api/users
2025-10-23T11:06:24.169Z GET /api/users
2025-10-23T11:06:24.171Z POST /api/users
2025-10-23T11:06:24.232Z POST /api/users
2025-10-23T11:06:24.233Z PUT /api/users/221
2025-10-23T11:06:24.235Z PUT /api/users/222
2025-10-23T11:06:24.236Z PUT /api/users/221
2025-10-23T11:06:24.297Z DELETE /api/users/224
2025-10-23T11:06:24.359Z DELETE /api/users/225
2025-10-23T11:06:24.616Z GET /api/ping
2025-10-23T11:06:24.616Z /api/ping hit
2025-10-23T11:06:24.619Z POST /api/auth/register
2025-10-23T11:06:24.683Z POST /api/routes
2025-10-23T11:08:51.300Z GET /login
2025-10-23T11:09:00.329Z POST /api/auth/login
2025-10-23T11:09:07.444Z POST /api/auth/register
2025-10-23T11:09:15.982Z GET /api/auth/verify-email/ec550a8368379751d38ef3805063cc188a59070c
2025-10-23T11:09:16.002Z GET /favicon.ico
2025-10-23T11:09:20.204Z POST /api/auth/login
2025-10-23T11:12:13.229Z GET /profile
2025-10-23T11:12:30.543Z GET /profile
2025-10-23T11:12:35.202Z POST /api/auth/request-delete
2025-10-23T11:12:53.317Z GET /confirm-delete/b9d1f2ed405ea02f75e50ac7fffd04a7d574d8c4
2025-10-23T11:12:57.022Z POST /api/auth/confirm-delete/b9d1f2ed405ea02f75e50ac7fffd04a7d574d8c4
2025-10-23T13:32:11.044Z POST /api/auth/register
2025-10-23T13:32:11.118Z POST /api/auth/register
2025-10-23T13:32:11.182Z POST /api/auth/register
2025-10-23T13:32:11.246Z POST /api/auth/register
2025-10-23T13:32:11.309Z POST /api/auth/login
2025-10-23T13:32:11.375Z POST /api/auth/register
2025-10-23T13:32:11.438Z POST /api/auth/login
2025-10-23T13:32:11.501Z POST /api/auth/login
2025-10-23T13:32:11.503Z POST /api/auth/register
2025-10-23T13:32:11.504Z POST /api/auth/register
2025-10-23T13:32:11.505Z POST /api/auth/register
2025-10-23T13:32:11.506Z POST /api/auth/login
2025-10-23T13:32:11.507Z POST /api/auth/login
2025-10-23T13:32:11.509Z POST /api/auth/register
2025-10-23T13:32:11.572Z POST /api/auth/forgot-password
2025-10-23T13:32:11.575Z POST /api/auth/forgot-password
2025-10-23T13:32:11.577Z POST /api/auth/register
2025-10-23T13:32:11.640Z POST /api/auth/forgot-password
2025-10-23T13:32:11.641Z POST /api/auth/reset-password/a6e10317802a21640e6c7b6c16822a1ce107fc77
2025-10-23T13:32:11.704Z POST /api/auth/login
2025-10-23T13:32:11.768Z POST /api/auth/reset-password/invalidtoken
2025-10-23T13:32:11.771Z POST /api/auth/register
2025-10-23T13:32:11.840Z POST /api/auth/reset-password/expiredtoken123
2025-10-23T13:32:11.842Z POST /api/auth/reset-password/sometoken
2025-10-23T13:32:11.986Z POST /api/auth/login
2025-10-23T13:32:12.129Z POST /api/auth/login
2025-10-23T13:32:12.197Z GET /api/users
2025-10-23T13:32:12.199Z GET /api/users
2025-10-23T13:32:12.201Z POST /api/users
2025-10-23T13:32:12.265Z POST /api/users
2025-10-23T13:32:12.266Z PUT /api/users/235
2025-10-23T13:32:12.268Z PUT /api/users/236
2025-10-23T13:32:12.270Z PUT /api/users/235
2025-10-23T13:32:12.336Z DELETE /api/users/238
2025-10-23T13:32:12.400Z DELETE /api/users/239
2025-10-23T13:32:12.464Z POST /api/auth/register
2025-10-23T13:32:12.530Z POST /api/auth/request-delete
2025-10-23T13:32:12.531Z POST /api/auth/confirm-delete/46801d7cda90dbb5c8a75cdbecd75b13aefe3b77
2025-10-23T13:32:12.593Z POST /api/auth/confirm-delete/46801d7cda90dbb5c8a75cdbecd75b13aefe3b77
2025-10-23T13:32:12.930Z GET /api/ping
2025-10-23T13:32:12.930Z /api/ping hit
2025-10-23T13:32:12.933Z POST /api/auth/register
2025-10-23T13:32:13.001Z POST /api/routes
2025-10-23T13:32:17.273Z POST /api/auth/register
2025-10-23T13:32:17.346Z POST /api/auth/register
2025-10-23T13:32:17.414Z POST /api/auth/register
2025-10-23T13:32:17.478Z POST /api/auth/register
2025-10-23T13:32:17.541Z POST /api/auth/login
2025-10-23T13:32:17.606Z POST /api/auth/register
2025-10-23T13:32:17.669Z POST /api/auth/login
2025-10-23T13:32:17.732Z POST /api/auth/login
2025-10-23T13:32:17.734Z POST /api/auth/register
2025-10-23T13:32:17.735Z POST /api/auth/register
2025-10-23T13:32:17.736Z POST /api/auth/register
2025-10-23T13:32:17.737Z POST /api/auth/login
2025-10-23T13:32:17.738Z POST /api/auth/login
2025-10-23T13:32:17.740Z POST /api/auth/register
2025-10-23T13:32:17.804Z POST /api/auth/forgot-password
2025-10-23T13:32:17.806Z POST /api/auth/forgot-password
2025-10-23T13:32:17.808Z POST /api/auth/register
2025-10-23T13:32:17.873Z POST /api/auth/forgot-password
2025-10-23T13:32:17.874Z POST /api/auth/reset-password/96d6253a0b828f06640c467e4088d071be7becdf
2025-10-23T13:32:17.938Z POST /api/auth/login
2025-10-23T13:32:18.001Z POST /api/auth/reset-password/invalidtoken
2025-10-23T13:32:18.002Z POST /api/auth/register
2025-10-23T13:32:18.066Z POST /api/auth/reset-password/expiredtoken123
2025-10-23T13:32:18.068Z POST /api/auth/reset-password/sometoken
2025-10-23T13:32:18.203Z POST /api/auth/login
2025-10-23T13:32:18.328Z POST /api/auth/login
2025-10-23T13:32:18.390Z GET /api/users
2025-10-23T13:32:18.393Z GET /api/users
2025-10-23T13:32:18.394Z POST /api/users
2025-10-23T13:32:18.462Z POST /api/users
2025-10-23T13:32:18.463Z PUT /api/users/249
2025-10-23T13:32:18.465Z PUT /api/users/250
2025-10-23T13:32:18.466Z PUT /api/users/249
2025-10-23T13:32:18.529Z DELETE /api/users/252
2025-10-23T13:32:18.593Z DELETE /api/users/253
2025-10-23T13:32:18.692Z POST /api/auth/register
2025-10-23T13:32:18.758Z POST /api/auth/request-delete
2025-10-23T13:32:18.760Z POST /api/auth/confirm-delete/abc97af6c997c47723c9f8fca8d661bd5d0cafe7
2025-10-23T13:32:18.821Z POST /api/auth/confirm-delete/abc97af6c997c47723c9f8fca8d661bd5d0cafe7
2025-10-23T13:32:19.155Z GET /api/ping
2025-10-23T13:32:19.155Z /api/ping hit
2025-10-23T13:32:19.158Z POST /api/auth/register
2025-10-23T13:32:19.227Z POST /api/routes
2025-10-23T13:35:26.856Z POST /api/auth/register
2025-10-23T13:35:26.924Z POST /api/auth/register
2025-10-23T13:35:26.988Z POST /api/auth/register
2025-10-23T13:35:27.052Z POST /api/auth/register
2025-10-23T13:35:27.115Z POST /api/auth/login
2025-10-23T13:35:27.178Z POST /api/auth/register
2025-10-23T13:35:27.241Z POST /api/auth/login
2025-10-23T13:35:27.304Z POST /api/auth/login
2025-10-23T13:35:27.306Z POST /api/auth/register
2025-10-23T13:35:27.307Z POST /api/auth/register
2025-10-23T13:35:27.308Z POST /api/auth/register
2025-10-23T13:35:27.310Z POST /api/auth/login
2025-10-23T13:35:27.310Z POST /api/auth/login
2025-10-23T13:35:27.312Z POST /api/auth/register
2025-10-23T13:35:27.375Z POST /api/auth/forgot-password
2025-10-23T13:35:27.378Z POST /api/auth/forgot-password
2025-10-23T13:35:27.379Z POST /api/auth/register
2025-10-23T13:35:27.443Z POST /api/auth/forgot-password
2025-10-23T13:35:27.444Z POST /api/auth/reset-password/128ecba613f8c972ade6d835a8115f0e33896911
2025-10-23T13:35:27.507Z POST /api/auth/login
2025-10-23T13:35:27.568Z POST /api/auth/reset-password/invalidtoken
2025-10-23T13:35:27.569Z POST /api/auth/register
2025-10-23T13:35:27.633Z POST /api/auth/reset-password/expiredtoken123
2025-10-23T13:35:27.635Z POST /api/auth/reset-password/sometoken
2025-10-23T13:35:27.842Z POST /api/auth/login
2025-10-23T13:35:27.966Z POST /api/auth/login
2025-10-23T13:35:28.029Z GET /api/users
2025-10-23T13:35:28.031Z GET /api/users
2025-10-23T13:35:28.033Z POST /api/users
2025-10-23T13:35:28.096Z POST /api/users
2025-10-23T13:35:28.097Z PUT /api/users/265
2025-10-23T13:35:28.099Z PUT /api/users/266
2025-10-23T13:35:28.100Z PUT /api/users/265
2025-10-23T13:35:28.165Z DELETE /api/users/268
2025-10-23T13:35:28.229Z DELETE /api/users/269
2025-10-23T13:35:28.351Z POST /api/auth/register
2025-10-23T13:35:28.416Z POST /api/auth/request-delete
2025-10-23T13:35:28.418Z POST /api/auth/confirm-delete/7e0e40946e8e087b35220092fc948e5c8f154010
2025-10-23T13:35:28.478Z POST /api/auth/confirm-delete/7e0e40946e8e087b35220092fc948e5c8f154010
2025-10-23T13:35:28.867Z GET /api/ping
2025-10-23T13:35:28.867Z /api/ping hit
2025-10-23T13:35:28.869Z POST /api/auth/register
2025-10-23T13:35:28.936Z POST /api/routes
2025-10-23T13:35:49.222Z POST /api/auth/login
2025-10-23T13:35:51.397Z GET /api/users
2025-10-23T13:36:37.800Z GET /api/users
2025-10-23T13:36:40.057Z GET /api/users
2025-10-23T13:37:02.168Z POST /api/auth/login
2025-10-23T13:37:03.625Z GET /api/users
2025-10-23T13:38:32.910Z GET /api/users
2025-10-23T13:38:36.987Z POST /api/auth/register
2025-10-23T13:38:37.060Z POST /api/auth/register
2025-10-23T13:38:37.126Z POST /api/auth/register
2025-10-23T13:38:37.192Z POST /api/auth/register
2025-10-23T13:38:37.262Z POST /api/auth/login
2025-10-23T13:38:37.330Z POST /api/auth/register
2025-10-23T13:38:37.397Z POST /api/auth/login
2025-10-23T13:38:37.464Z POST /api/auth/login
2025-10-23T13:38:37.466Z POST /api/auth/register
2025-10-23T13:38:37.467Z POST /api/auth/register
2025-10-23T13:38:37.469Z POST /api/auth/register
2025-10-23T13:38:37.471Z POST /api/auth/login
2025-10-23T13:38:37.472Z POST /api/auth/login
2025-10-23T13:38:37.473Z POST /api/auth/register
2025-10-23T13:38:37.550Z POST /api/auth/forgot-password
2025-10-23T13:38:37.554Z POST /api/auth/forgot-password
2025-10-23T13:38:37.558Z POST /api/auth/register
2025-10-23T13:38:37.646Z POST /api/auth/forgot-password
2025-10-23T13:38:37.648Z POST /api/auth/reset-password/fef86117459f596ef9a3d2e3d96457e27b61b475
2025-10-23T13:38:37.718Z POST /api/auth/login
2025-10-23T13:38:37.790Z POST /api/auth/reset-password/invalidtoken
2025-10-23T13:38:37.792Z POST /api/auth/register
2025-10-23T13:38:37.864Z POST /api/auth/reset-password/expiredtoken123
2025-10-23T13:38:37.866Z POST /api/auth/reset-password/sometoken
2025-10-23T13:38:38.131Z POST /api/auth/login
2025-10-23T13:38:38.266Z POST /api/auth/login
2025-10-23T13:38:38.332Z GET /api/users
2025-10-23T13:38:38.335Z GET /api/users
2025-10-23T13:38:38.337Z POST /api/users
2025-10-23T13:38:38.405Z POST /api/users
2025-10-23T13:38:38.407Z PUT /api/users/282
2025-10-23T13:38:38.410Z PUT /api/users/283
2025-10-23T13:38:38.413Z PUT /api/users/282
2025-10-23T13:38:38.480Z DELETE /api/users/285
2025-10-23T13:38:38.549Z DELETE /api/users/286
2025-10-23T13:38:38.685Z POST /api/auth/register
2025-10-23T13:38:38.752Z POST /api/auth/request-delete
2025-10-23T13:38:38.754Z POST /api/auth/confirm-delete/51b6ad2ddb427764b3ec4b9706d2140b842d1d6f
2025-10-23T13:38:38.819Z POST /api/auth/confirm-delete/51b6ad2ddb427764b3ec4b9706d2140b842d1d6f
2025-10-23T13:38:39.255Z GET /api/ping
2025-10-23T13:38:39.255Z /api/ping hit
2025-10-23T13:38:39.258Z POST /api/auth/register
2025-10-23T13:38:39.327Z POST /api/routes
2025-10-23T13:39:31.929Z GET /admin
2025-10-23T13:39:32.048Z GET /api/users
2025-10-23T13:39:41.622Z GET /admin
2025-10-23T13:39:41.693Z GET /api/users
2025-10-23T13:39:55.517Z POST /api/users/290/send-reset
2025-10-23T13:40:28.796Z POST /api/users/290/send-reset
2025-10-23T13:41:49.976Z GET /admin
2025-10-23T13:41:50.106Z GET /api/users
2025-10-23T13:42:16.187Z GET /admin
2025-10-23T13:42:16.282Z GET /api/users
2025-10-23T13:42:25.639Z PUT /api/users/290
2025-10-23T13:42:27.471Z GET /admin
2025-10-23T13:42:27.583Z GET /api/users
2025-10-23T13:42:30.229Z POST /api/users/290/resend-verification
2025-10-23T13:42:46.790Z POST /api/auth/register
2025-10-23T13:42:59.450Z GET /api/auth/verify-email/5014430cfd11a67faf207023a9235e1e8d2d5c39
2025-10-23T13:42:59.492Z GET /favicon.ico
2025-10-23T13:43:09.951Z POST /api/auth/login
2025-10-23T13:43:26.795Z POST /api/auth/login
2025-10-23T13:43:28.226Z GET /api/users
2025-10-23T13:43:31.554Z POST /api/users/291/resend-verification
2025-10-23T13:44:30.150Z GET /api/auth/verify-email/5014430cfd11a67faf207023a9235e1e8d2d5c39
2025-10-23T13:44:30.182Z GET /favicon.ico
2025-10-23T13:46:16.882Z POST /api/auth/login
2025-10-23T13:46:32.423Z POST /api/users/291/resend-verification
2025-10-23T13:47:59.134Z GET /api/users
2025-10-23T13:48:25.802Z POST /api/users/291/send-reset
2025-10-23T13:49:25.923Z POST /api/users/290/send-reset
2025-10-23T13:55:46.214Z GET /api/users/291
2025-10-23T15:51:28.561Z GET /api/ping
2025-10-23T15:51:28.562Z /api/ping hit
2025-10-23T15:51:28.582Z POST /api/auth/login
2025-10-23T15:51:28.731Z POST /api/users/289/resend-verification
2025-10-23T15:53:27.998Z GET /api/users
2025-10-23T15:53:44.084Z POST /api/auth/login
2025-10-23T15:53:45.488Z GET /api/users
2025-10-23T15:55:48.768Z POST /api/users/291/resend-verification
2025-10-23T15:55:58.474Z GET /api/auth/verify-email/ff35b62fdf08e3aca9eb8d3998527d8c4bb7c7ee
2025-10-23T15:55:58.517Z GET /favicon.ico
2025-10-23T15:56:16.050Z POST /api/users/289/send-reset
2025-10-23T15:56:41.286Z POST /api/users/289/send-reset
2025-10-23T15:56:45.916Z POST /api/users/291/send-reset
2025-10-23T15:56:55.848Z DELETE /api/users/291
2025-10-23T15:56:57.715Z GET /admin
2025-10-23T15:56:57.823Z GET /api/users
